╔══════════════════════════════╗
║                              ║
║   ╔════════╦════════╦════════╗
║   ║        ║        ║        ║
║   ║ █    █ ║ █    █ ║ █    █ ║
║   ║  █  █  ║  █  █  ║  █  █  ║
║   ║   ██   ║   ██   ║   ██   ║
║   ║   ██   ║   ██   ║   ██   ║
║   ║  █  █  ║  █  █  ║  █  █  ║
║   ║ █    █ ║ █    █ ║ █    █ ║
║   ║        ║        ║        ║
║   ╠════════╬════════╬════════╣
║   ║  A B C ║  A B C ║  A B C ║
║   ║ ┌─┬─┬─┐║ ┌─┬─┬─┐║ ┌─┬─┬─┐║
║   ║1│X│O│ │║1│X│O│ │║1│X│O│ │║
║   ║ ├─┼─┼─┤║ ├─┼─┼─┤║ ├─┼─┼─┤║
║   ║2│ │ │ │║2│ │ │ │║2│ │ │ │║
║   ║ ├─┼─┼─┤║ ├─┼─┼─┤║ ├─┼─┼─┤║
║   ║3│ │ │ │║3│ │ │ │║3│ │ │ │║
║   ║ └─┴─┴─┘║ └─┴─┴─┘║ └─┴─┴─┘║
║   ╠════════╬════════╬════════╣
║   ║  A B C ║  A B C ║  A B C ║
║   ║ ┌─┬─┬─┐║ ┌─┬─┬─┐║ ┌─┬─┬─┐║
║   ║1│X│O│ │║1│X│O│ │║1│X│O│ │║
║   ║ ├─┼─┼─┤║ ├─┼─┼─┤║ ├─┼─┼─┤║
║   ║2│ │ │ │║2│ │ │ │║2│ │ │ │║
║   ║ ├─┼─┼─┤║ ├─┼─┼─┤║ ├─┼─┼─┤║
║   ║3│ │ │ │║3│ │ │ │║3│ │ │ │║
║   ║ └─┴─┴─┘║ └─┴─┴─┘║ └─┴─┴─┘║
╚══ ╚════════╩════════╩════════╝
