
(((:GATO NIL ((:CELDA X) (:CELDA O) (:CELDA NIL))
   ((:CELDA NIL) (:CELDA NIL) (:CELDA NIL))
   ((:CELDA NIL) (:CELDA NIL) (:CELDA NIL)))
  (:GATO NIL ((:CELDA X) (:CELDA O) (:CELDA NIL))
   ((:CELDA NIL) (:CELDA NIL) (:CELDA NIL))
   ((:CELDA NIL) (:CELDA NIL) (:CELDA NIL)))
  (:GATO NIL ((:CELDA X) (:CELDA O) (:CELDA NIL))
   ((:CELDA NIL) (:CELDA NIL) (:CELDA NIL))
   ((:CELDA NIL) (:CELDA NIL) (:CELDA NIL))))
 ((:GATO NIL ((:CELDA X) (:CELDA O) (:CELDA NIL))
   ((:CELDA NIL) (:CELDA NIL) (:CELDA NIL))
   ((:CELDA NIL) (:CELDA NIL) (:CELDA NIL)))
  (:GATO NIL ((:CELDA X) (:CELDA O) (:CELDA NIL))
   ((:CELDA NIL) (:CELDA NIL) (:CELDA NIL))
   ((:CELDA NIL) (:CELDA NIL) (:CELDA NIL)))
  (:GATO NIL ((:CELDA X) (:CELDA O) (:CELDA NIL))
   ((:CELDA NIL) (:CELDA NIL) (:CELDA NIL))
   ((:CELDA NIL) (:CELDA NIL) (:CELDA NIL))))
 ((:GATO NIL ((:CELDA X) (:CELDA O) (:CELDA NIL))
   ((:CELDA NIL) (:CELDA NIL) (:CELDA NIL))
   ((:CELDA NIL) (:CELDA NIL) (:CELDA NIL)))
  (:GATO NIL ((:CELDA X) (:CELDA O) (:CELDA NIL))
   ((:CELDA NIL) (:CELDA NIL) (:CELDA NIL))
   ((:CELDA NIL) (:CELDA NIL) (:CELDA NIL)))
  (:GATO NIL ((:CELDA X) (:CELDA O) (:CELDA NIL))
   ((:CELDA NIL) (:CELDA NIL) (:CELDA NIL))
   ((:CELDA NIL) (:CELDA NIL) (:CELDA NIL))))) 
XXXXXXXXXXXXXXXXXXXXXXXXXXXXXXXXXXXXXXXXXXXXXXXXXXXXXXXXXXXXXXXX